{"C:\\Users\\Sutorooberii\\Desktop\\task1-web-api-Samana19\\server\\app.js": {"path":"C:\\Users\\Sutorooberii\\Desktop\\task1-web-api-Samana19\\server\\app.js","statementMap":{"0":{"start":{"line":1,"column":0},"end":{"line":1,"column":27}},"1":{"start":{"line":2,"column":13},"end":{"line":2,"column":28}},"2":{"start":{"line":3,"column":16},"end":{"line":3,"column":34}},"3":{"start":{"line":4,"column":18},"end":{"line":4,"column":40}},"4":{"start":{"line":5,"column":13},"end":{"line":5,"column":28}},"5":{"start":{"line":6,"column":12},"end":{"line":6,"column":21}},"6":{"start":{"line":7,"column":17},"end":{"line":7,"column":36}},"7":{"start":{"line":8,"column":15},"end":{"line":8,"column":45}},"8":{"start":{"line":9,"column":15},"end":{"line":9,"column":31}},"9":{"start":{"line":11,"column":0},"end":{"line":11,"column":16}},"10":{"start":{"line":13,"column":4},"end":{"line":15,"column":24}},"11":{"start":{"line":17,"column":0},"end":{"line":20,"column":38}},"12":{"start":{"line":19,"column":16},"end":{"line":19,"column":48}},"13":{"start":{"line":20,"column":20},"end":{"line":20,"column":36}},"14":{"start":{"line":22,"column":0},"end":{"line":22,"column":24}},"15":{"start":{"line":25,"column":0},"end":{"line":25,"column":67}},"16":{"start":{"line":26,"column":19},"end":{"line":41,"column":2}},"17":{"start":{"line":27,"column":4},"end":{"line":40,"column":5}},"18":{"start":{"line":28,"column":8},"end":{"line":30,"column":9}},"19":{"start":{"line":29,"column":12},"end":{"line":29,"column":65}},"20":{"start":{"line":31,"column":8},"end":{"line":35,"column":11}},"21":{"start":{"line":37,"column":8},"end":{"line":39,"column":11}},"22":{"start":{"line":48,"column":0},"end":{"line":48,"column":53}},"23":{"start":{"line":49,"column":0},"end":{"line":49,"column":56}},"24":{"start":{"line":50,"column":0},"end":{"line":50,"column":57}},"25":{"start":{"line":51,"column":0},"end":{"line":51,"column":33}},"26":{"start":{"line":53,"column":0},"end":{"line":53,"column":53}},"27":{"start":{"line":54,"column":0},"end":{"line":54,"column":51}},"28":{"start":{"line":59,"column":0},"end":{"line":67,"column":3}},"29":{"start":{"line":60,"column":2},"end":{"line":60,"column":18}},"30":{"start":{"line":61,"column":2},"end":{"line":65,"column":3}},"31":{"start":{"line":62,"column":6},"end":{"line":62,"column":21}},"32":{"start":{"line":63,"column":8},"end":{"line":65,"column":3}},"33":{"start":{"line":64,"column":6},"end":{"line":64,"column":21}},"34":{"start":{"line":66,"column":2},"end":{"line":66,"column":32}},"35":{"start":{"line":70,"column":0},"end":{"line":73,"column":2}},"36":{"start":{"line":71,"column":4},"end":{"line":71,"column":53}},"37":{"start":{"line":75,"column":0},"end":{"line":75,"column":21}}},"fnMap":{"0":{"name":"(anonymous_0)","decl":{"start":{"line":19,"column":10},"end":{"line":19,"column":11}},"loc":{"start":{"line":19,"column":16},"end":{"line":19,"column":48}},"line":19},"1":{"name":"(anonymous_1)","decl":{"start":{"line":20,"column":11},"end":{"line":20,"column":12}},"loc":{"start":{"line":20,"column":20},"end":{"line":20,"column":36}},"line":20},"2":{"name":"(anonymous_2)","decl":{"start":{"line":26,"column":54},"end":{"line":26,"column":55}},"loc":{"start":{"line":26,"column":74},"end":{"line":41,"column":1}},"line":26},"3":{"name":"(anonymous_3)","decl":{"start":{"line":59,"column":8},"end":{"line":59,"column":9}},"loc":{"start":{"line":59,"column":28},"end":{"line":67,"column":1}},"line":59},"4":{"name":"(anonymous_4)","decl":{"start":{"line":70,"column":8},"end":{"line":70,"column":9}},"loc":{"start":{"line":70,"column":24},"end":{"line":72,"column":1}},"line":70}},"branchMap":{"0":{"loc":{"start":{"line":13,"column":4},"end":{"line":15,"column":24}},"type":"cond-expr","locations":[{"start":{"line":14,"column":6},"end":{"line":14,"column":29}},{"start":{"line":15,"column":6},"end":{"line":15,"column":24}}],"line":13},"1":{"loc":{"start":{"line":28,"column":8},"end":{"line":30,"column":9}},"type":"if","locations":[{"start":{"line":28,"column":8},"end":{"line":30,"column":9}},{"start":{},"end":{}}],"line":28},"2":{"loc":{"start":{"line":61,"column":2},"end":{"line":65,"column":3}},"type":"if","locations":[{"start":{"line":61,"column":2},"end":{"line":65,"column":3}},{"start":{"line":63,"column":8},"end":{"line":65,"column":3}}],"line":61},"3":{"loc":{"start":{"line":63,"column":8},"end":{"line":65,"column":3}},"type":"if","locations":[{"start":{"line":63,"column":8},"end":{"line":65,"column":3}},{"start":{},"end":{}}],"line":63}},"s":{"0":1,"1":1,"2":1,"3":1,"4":1,"5":1,"6":1,"7":1,"8":1,"9":1,"10":1,"11":1,"12":1,"13":0,"14":1,"15":1,"16":1,"17":0,"18":0,"19":0,"20":0,"21":0,"22":1,"23":1,"24":1,"25":1,"26":1,"27":1,"28":1,"29":0,"30":0,"31":0,"32":0,"33":0,"34":0,"35":1,"36":0,"37":1},"f":{"0":1,"1":0,"2":0,"3":0,"4":0},"b":{"0":[1,0],"1":[0,0],"2":[0,0],"3":[0,0]},"_coverageSchema":"1a1c01bbd47fc00a2c39e90264f33305004495a9","hash":"56f340fa6a80a682ac50e93398f711d648189cb8"}
,"C:\\Users\\Sutorooberii\\Desktop\\task1-web-api-Samana19\\server\\config\\db.js": {"path":"C:\\Users\\Sutorooberii\\Desktop\\task1-web-api-Samana19\\server\\config\\db.js","statementMap":{"0":{"start":{"line":1,"column":17},"end":{"line":1,"column":36}},"1":{"start":{"line":2,"column":18},"end":{"line":6,"column":1}},"2":{"start":{"line":3,"column":2},"end":{"line":5,"column":38}},"3":{"start":{"line":4,"column":16},"end":{"line":4,"column":48}},"4":{"start":{"line":5,"column":20},"end":{"line":5,"column":36}},"5":{"start":{"line":7,"column":0},"end":{"line":7,"column":27}}},"fnMap":{"0":{"name":"(anonymous_0)","decl":{"start":{"line":2,"column":18},"end":{"line":2,"column":19}},"loc":{"start":{"line":2,"column":30},"end":{"line":6,"column":1}},"line":2},"1":{"name":"(anonymous_1)","decl":{"start":{"line":4,"column":10},"end":{"line":4,"column":11}},"loc":{"start":{"line":4,"column":16},"end":{"line":4,"column":48}},"line":4},"2":{"name":"(anonymous_2)","decl":{"start":{"line":5,"column":11},"end":{"line":5,"column":12}},"loc":{"start":{"line":5,"column":20},"end":{"line":5,"column":36}},"line":5}},"branchMap":{},"s":{"0":1,"1":1,"2":0,"3":0,"4":0,"5":1},"f":{"0":0,"1":0,"2":0},"b":{},"_coverageSchema":"1a1c01bbd47fc00a2c39e90264f33305004495a9","hash":"667edcca5f4552e6a2b13f964b61799ca9888523"}
,"C:\\Users\\Sutorooberii\\Desktop\\task1-web-api-Samana19\\server\\middleware\\auth.js": {"path":"C:\\Users\\Sutorooberii\\Desktop\\task1-web-api-Samana19\\server\\middleware\\auth.js","statementMap":{"0":{"start":{"line":3,"column":12},"end":{"line":3,"column":35}},"1":{"start":{"line":5,"column":13},"end":{"line":19,"column":1}},"2":{"start":{"line":6,"column":19},"end":{"line":6,"column":44}},"3":{"start":{"line":8,"column":2},"end":{"line":9,"column":69}},"4":{"start":{"line":9,"column":4},"end":{"line":9,"column":69}},"5":{"start":{"line":11,"column":16},"end":{"line":11,"column":40}},"6":{"start":{"line":12,"column":2},"end":{"line":17,"column":5}},"7":{"start":{"line":13,"column":4},"end":{"line":13,"column":68}},"8":{"start":{"line":13,"column":13},"end":{"line":13,"column":68}},"9":{"start":{"line":15,"column":4},"end":{"line":15,"column":25}},"10":{"start":{"line":16,"column":4},"end":{"line":16,"column":23}},"11":{"start":{"line":18,"column":2},"end":{"line":18,"column":9}},"12":{"start":{"line":21,"column":0},"end":{"line":21,"column":25}}},"fnMap":{"0":{"name":"(anonymous_0)","decl":{"start":{"line":5,"column":13},"end":{"line":5,"column":14}},"loc":{"start":{"line":5,"column":33},"end":{"line":19,"column":1}},"line":5},"1":{"name":"(anonymous_1)","decl":{"start":{"line":12,"column":40},"end":{"line":12,"column":41}},"loc":{"start":{"line":12,"column":58},"end":{"line":17,"column":3}},"line":12}},"branchMap":{"0":{"loc":{"start":{"line":8,"column":2},"end":{"line":9,"column":69}},"type":"if","locations":[{"start":{"line":8,"column":2},"end":{"line":9,"column":69}},{"start":{},"end":{}}],"line":8},"1":{"loc":{"start":{"line":13,"column":4},"end":{"line":13,"column":68}},"type":"if","locations":[{"start":{"line":13,"column":4},"end":{"line":13,"column":68}},{"start":{},"end":{}}],"line":13}},"s":{"0":1,"1":1,"2":5,"3":5,"4":1,"5":4,"6":4,"7":4,"8":1,"9":3,"10":3,"11":4,"12":1},"f":{"0":5,"1":4},"b":{"0":[1,4],"1":[1,3]},"_coverageSchema":"1a1c01bbd47fc00a2c39e90264f33305004495a9","hash":"d41996f392edb5e48a93372378bd3fb0bd0220f0"}
,"C:\\Users\\Sutorooberii\\Desktop\\task1-web-api-Samana19\\server\\middleware\\upload.js": {"path":"C:\\Users\\Sutorooberii\\Desktop\\task1-web-api-Samana19\\server\\middleware\\upload.js","statementMap":{"0":{"start":{"line":1,"column":15},"end":{"line":1,"column":32}},"1":{"start":{"line":2,"column":16},"end":{"line":2,"column":23}},"2":{"start":{"line":3,"column":13},"end":{"line":3,"column":28}},"3":{"start":{"line":5,"column":16},"end":{"line":13,"column":2}},"4":{"start":{"line":7,"column":4},"end":{"line":7,"column":31}},"5":{"start":{"line":10,"column":14},"end":{"line":10,"column":45}},"6":{"start":{"line":11,"column":4},"end":{"line":11,"column":40}},"7":{"start":{"line":15,"column":24},"end":{"line":20,"column":1}},"8":{"start":{"line":16,"column":2},"end":{"line":18,"column":3}},"9":{"start":{"line":17,"column":4},"end":{"line":17,"column":62}},"10":{"start":{"line":19,"column":2},"end":{"line":19,"column":17}},"11":{"start":{"line":22,"column":15},"end":{"line":26,"column":18}},"12":{"start":{"line":28,"column":0},"end":{"line":28,"column":24}}},"fnMap":{"0":{"name":"(anonymous_0)","decl":{"start":{"line":6,"column":15},"end":{"line":6,"column":16}},"loc":{"start":{"line":6,"column":34},"end":{"line":8,"column":3}},"line":6},"1":{"name":"(anonymous_1)","decl":{"start":{"line":9,"column":12},"end":{"line":9,"column":13}},"loc":{"start":{"line":9,"column":31},"end":{"line":12,"column":3}},"line":9},"2":{"name":"(anonymous_2)","decl":{"start":{"line":15,"column":24},"end":{"line":15,"column":25}},"loc":{"start":{"line":15,"column":43},"end":{"line":20,"column":1}},"line":15}},"branchMap":{"0":{"loc":{"start":{"line":16,"column":2},"end":{"line":18,"column":3}},"type":"if","locations":[{"start":{"line":16,"column":2},"end":{"line":18,"column":3}},{"start":{},"end":{}}],"line":16}},"s":{"0":1,"1":1,"2":1,"3":1,"4":0,"5":0,"6":0,"7":1,"8":0,"9":0,"10":0,"11":1,"12":1},"f":{"0":0,"1":0,"2":0},"b":{"0":[0,0]},"_coverageSchema":"1a1c01bbd47fc00a2c39e90264f33305004495a9","hash":"17e5da875b94d075bc66b5423f7fe12c8f6b598f"}
,"C:\\Users\\Sutorooberii\\Desktop\\task1-web-api-Samana19\\server\\models\\AddBook.js": {"path":"C:\\Users\\Sutorooberii\\Desktop\\task1-web-api-Samana19\\server\\models\\AddBook.js","statementMap":{"0":{"start":{"line":1,"column":17},"end":{"line":1,"column":36}},"1":{"start":{"line":3,"column":22},"end":{"line":42,"column":2}},"2":{"start":{"line":44,"column":0},"end":{"line":44,"column":58}}},"fnMap":{},"branchMap":{},"s":{"0":1,"1":1,"2":1},"f":{},"b":{},"_coverageSchema":"1a1c01bbd47fc00a2c39e90264f33305004495a9","hash":"a741e80245542711405a28ef0d3b95d4b50431d5"}
,"C:\\Users\\Sutorooberii\\Desktop\\task1-web-api-Samana19\\server\\models\\Books.js": {"path":"C:\\Users\\Sutorooberii\\Desktop\\task1-web-api-Samana19\\server\\models\\Books.js","statementMap":{"0":{"start":{"line":1,"column":17},"end":{"line":1,"column":36}},"1":{"start":{"line":3,"column":19},"end":{"line":35,"column":2}},"2":{"start":{"line":37,"column":0},"end":{"line":37,"column":52}}},"fnMap":{},"branchMap":{},"s":{"0":1,"1":1,"2":1},"f":{},"b":{},"_coverageSchema":"1a1c01bbd47fc00a2c39e90264f33305004495a9","hash":"fec029db9b3a52c714310a785717632302acfc03"}
,"C:\\Users\\Sutorooberii\\Desktop\\task1-web-api-Samana19\\server\\models\\Review.js": {"path":"C:\\Users\\Sutorooberii\\Desktop\\task1-web-api-Samana19\\server\\models\\Review.js","statementMap":{"0":{"start":{"line":1,"column":17},"end":{"line":1,"column":36}},"1":{"start":{"line":3,"column":21},"end":{"line":31,"column":2}},"2":{"start":{"line":33,"column":0},"end":{"line":33,"column":56}}},"fnMap":{},"branchMap":{},"s":{"0":1,"1":1,"2":1},"f":{},"b":{},"_coverageSchema":"1a1c01bbd47fc00a2c39e90264f33305004495a9","hash":"c29f301bdd0bcaa25c49bf30abc6fdca883f01af"}
,"C:\\Users\\Sutorooberii\\Desktop\\task1-web-api-Samana19\\server\\models\\User.js": {"path":"C:\\Users\\Sutorooberii\\Desktop\\task1-web-api-Samana19\\server\\models\\User.js","statementMap":{"0":{"start":{"line":1,"column":17},"end":{"line":1,"column":36}},"1":{"start":{"line":3,"column":19},"end":{"line":25,"column":2}},"2":{"start":{"line":27,"column":0},"end":{"line":27,"column":52}}},"fnMap":{},"branchMap":{},"s":{"0":1,"1":1,"2":1},"f":{},"b":{},"_coverageSchema":"1a1c01bbd47fc00a2c39e90264f33305004495a9","hash":"a70d801895f8d4d158974c742101965bea1cf232"}
,"C:\\Users\\Sutorooberii\\Desktop\\task1-web-api-Samana19\\server\\routes\\api\\addbook.js": {"path":"C:\\Users\\Sutorooberii\\Desktop\\task1-web-api-Samana19\\server\\routes\\api\\addbook.js","statementMap":{"0":{"start":{"line":1,"column":16},"end":{"line":1,"column":34}},"1":{"start":{"line":2,"column":15},"end":{"line":2,"column":31}},"2":{"start":{"line":3,"column":0},"end":{"line":3,"column":27}},"3":{"start":{"line":4,"column":17},"end":{"line":4,"column":49}},"4":{"start":{"line":6,"column":13},"end":{"line":6,"column":41}},"5":{"start":{"line":7,"column":17},"end":{"line":7,"column":48}},"6":{"start":{"line":10,"column":0},"end":{"line":17,"column":3}},"7":{"start":{"line":11,"column":4},"end":{"line":16,"column":5}},"8":{"start":{"line":12,"column":22},"end":{"line":12,"column":43}},"9":{"start":{"line":13,"column":8},"end":{"line":13,"column":36}},"10":{"start":{"line":15,"column":8},"end":{"line":15,"column":55}},"11":{"start":{"line":22,"column":0},"end":{"line":35,"column":3}},"12":{"start":{"line":23,"column":4},"end":{"line":34,"column":5}},"13":{"start":{"line":24,"column":23},"end":{"line":24,"column":33}},"14":{"start":{"line":25,"column":21},"end":{"line":25,"column":73}},"15":{"start":{"line":27,"column":8},"end":{"line":29,"column":9}},"16":{"start":{"line":28,"column":12},"end":{"line":28,"column":71}},"17":{"start":{"line":31,"column":8},"end":{"line":31,"column":35}},"18":{"start":{"line":33,"column":8},"end":{"line":33,"column":55}},"19":{"start":{"line":38,"column":0},"end":{"line":55,"column":3}},"20":{"start":{"line":39,"column":17},"end":{"line":47,"column":6}},"21":{"start":{"line":49,"column":4},"end":{"line":54,"column":5}},"22":{"start":{"line":50,"column":24},"end":{"line":50,"column":41}},"23":{"start":{"line":51,"column":8},"end":{"line":51,"column":38}},"24":{"start":{"line":53,"column":8},"end":{"line":53,"column":55}},"25":{"start":{"line":58,"column":0},"end":{"line":63,"column":3}},"26":{"start":{"line":59,"column":4},"end":{"line":61,"column":61}},"27":{"start":{"line":60,"column":22},"end":{"line":60,"column":48}},"28":{"start":{"line":61,"column":22},"end":{"line":61,"column":59}},"29":{"start":{"line":66,"column":0},"end":{"line":83,"column":3}},"30":{"start":{"line":67,"column":4},"end":{"line":81,"column":57}},"31":{"start":{"line":69,"column":8},"end":{"line":69,"column":36}},"32":{"start":{"line":70,"column":8},"end":{"line":70,"column":38}},"33":{"start":{"line":71,"column":8},"end":{"line":71,"column":38}},"34":{"start":{"line":72,"column":8},"end":{"line":72,"column":48}},"35":{"start":{"line":73,"column":8},"end":{"line":73,"column":36}},"36":{"start":{"line":74,"column":8},"end":{"line":74,"column":38}},"37":{"start":{"line":75,"column":8},"end":{"line":75,"column":32}},"38":{"start":{"line":77,"column":8},"end":{"line":79,"column":65}},"39":{"start":{"line":78,"column":24},"end":{"line":78,"column":61}},"40":{"start":{"line":79,"column":26},"end":{"line":79,"column":63}},"41":{"start":{"line":81,"column":18},"end":{"line":81,"column":55}},"42":{"start":{"line":86,"column":0},"end":{"line":90,"column":3}},"43":{"start":{"line":87,"column":4},"end":{"line":89,"column":61}},"44":{"start":{"line":88,"column":20},"end":{"line":88,"column":57}},"45":{"start":{"line":89,"column":22},"end":{"line":89,"column":59}},"46":{"start":{"line":92,"column":0},"end":{"line":92,"column":24}}},"fnMap":{"0":{"name":"(anonymous_0)","decl":{"start":{"line":10,"column":24},"end":{"line":10,"column":25}},"loc":{"start":{"line":10,"column":44},"end":{"line":17,"column":1}},"line":10},"1":{"name":"(anonymous_1)","decl":{"start":{"line":22,"column":25},"end":{"line":22,"column":26}},"loc":{"start":{"line":22,"column":45},"end":{"line":35,"column":1}},"line":22},"2":{"name":"(anonymous_2)","decl":{"start":{"line":38,"column":23},"end":{"line":38,"column":24}},"loc":{"start":{"line":38,"column":43},"end":{"line":55,"column":1}},"line":38},"3":{"name":"(anonymous_3)","decl":{"start":{"line":58,"column":25},"end":{"line":58,"column":26}},"loc":{"start":{"line":58,"column":39},"end":{"line":63,"column":1}},"line":58},"4":{"name":"(anonymous_4)","decl":{"start":{"line":60,"column":14},"end":{"line":60,"column":15}},"loc":{"start":{"line":60,"column":22},"end":{"line":60,"column":48}},"line":60},"5":{"name":"(anonymous_5)","decl":{"start":{"line":61,"column":15},"end":{"line":61,"column":16}},"loc":{"start":{"line":61,"column":22},"end":{"line":61,"column":59}},"line":61},"6":{"name":"(anonymous_6)","decl":{"start":{"line":66,"column":27},"end":{"line":66,"column":28}},"loc":{"start":{"line":66,"column":47},"end":{"line":83,"column":1}},"line":66},"7":{"name":"(anonymous_7)","decl":{"start":{"line":68,"column":10},"end":{"line":68,"column":11}},"loc":{"start":{"line":68,"column":18},"end":{"line":80,"column":5}},"line":68},"8":{"name":"(anonymous_8)","decl":{"start":{"line":78,"column":18},"end":{"line":78,"column":19}},"loc":{"start":{"line":78,"column":24},"end":{"line":78,"column":61}},"line":78},"9":{"name":"(anonymous_9)","decl":{"start":{"line":79,"column":19},"end":{"line":79,"column":20}},"loc":{"start":{"line":79,"column":26},"end":{"line":79,"column":63}},"line":79},"10":{"name":"(anonymous_10)","decl":{"start":{"line":81,"column":11},"end":{"line":81,"column":12}},"loc":{"start":{"line":81,"column":18},"end":{"line":81,"column":55}},"line":81},"11":{"name":"(anonymous_11)","decl":{"start":{"line":86,"column":28},"end":{"line":86,"column":29}},"loc":{"start":{"line":86,"column":48},"end":{"line":90,"column":1}},"line":86},"12":{"name":"(anonymous_12)","decl":{"start":{"line":88,"column":14},"end":{"line":88,"column":15}},"loc":{"start":{"line":88,"column":20},"end":{"line":88,"column":57}},"line":88},"13":{"name":"(anonymous_13)","decl":{"start":{"line":89,"column":15},"end":{"line":89,"column":16}},"loc":{"start":{"line":89,"column":22},"end":{"line":89,"column":59}},"line":89}},"branchMap":{"0":{"loc":{"start":{"line":27,"column":8},"end":{"line":29,"column":9}},"type":"if","locations":[{"start":{"line":27,"column":8},"end":{"line":29,"column":9}},{"start":{},"end":{}}],"line":27}},"s":{"0":1,"1":1,"2":1,"3":1,"4":1,"5":1,"6":1,"7":0,"8":0,"9":0,"10":0,"11":1,"12":0,"13":0,"14":0,"15":0,"16":0,"17":0,"18":0,"19":1,"20":0,"21":0,"22":0,"23":0,"24":0,"25":1,"26":0,"27":0,"28":0,"29":1,"30":0,"31":0,"32":0,"33":0,"34":0,"35":0,"36":0,"37":0,"38":0,"39":0,"40":0,"41":0,"42":1,"43":0,"44":0,"45":0,"46":1},"f":{"0":0,"1":0,"2":0,"3":0,"4":0,"5":0,"6":0,"7":0,"8":0,"9":0,"10":0,"11":0,"12":0,"13":0},"b":{"0":[0,0]},"_coverageSchema":"1a1c01bbd47fc00a2c39e90264f33305004495a9","hash":"78c00b81b1582950f9e206a6fbcf5869ef53a5ce"}
,"C:\\Users\\Sutorooberii\\Desktop\\task1-web-api-Samana19\\server\\routes\\api\\auth.js": {"path":"C:\\Users\\Sutorooberii\\Desktop\\task1-web-api-Samana19\\server\\routes\\api\\auth.js","statementMap":{"0":{"start":{"line":1,"column":16},"end":{"line":1,"column":34}},"1":{"start":{"line":2,"column":15},"end":{"line":2,"column":31}},"2":{"start":{"line":3,"column":15},"end":{"line":3,"column":34}},"3":{"start":{"line":4,"column":12},"end":{"line":4,"column":35}},"4":{"start":{"line":5,"column":13},"end":{"line":5,"column":41}},"5":{"start":{"line":9,"column":0},"end":{"line":33,"column":2}},"6":{"start":{"line":10,"column":2},"end":{"line":32,"column":17}},"7":{"start":{"line":12,"column":6},"end":{"line":13,"column":46}},"8":{"start":{"line":12,"column":15},"end":{"line":13,"column":46}},"9":{"start":{"line":15,"column":6},"end":{"line":31,"column":8}},"10":{"start":{"line":16,"column":10},"end":{"line":30,"column":11}},"11":{"start":{"line":17,"column":14},"end":{"line":17,"column":62}},"12":{"start":{"line":20,"column":27},"end":{"line":24,"column":15}},"13":{"start":{"line":25,"column":14},"end":{"line":29,"column":26}},"14":{"start":{"line":27,"column":18},"end":{"line":27,"column":44}},"15":{"start":{"line":35,"column":0},"end":{"line":67,"column":2}},"16":{"start":{"line":36,"column":27},"end":{"line":36,"column":35}},"17":{"start":{"line":37,"column":2},"end":{"line":66,"column":21}},"18":{"start":{"line":39,"column":10},"end":{"line":41,"column":59}},"19":{"start":{"line":39,"column":20},"end":{"line":41,"column":59}},"20":{"start":{"line":43,"column":10},"end":{"line":65,"column":12}},"21":{"start":{"line":44,"column":14},"end":{"line":46,"column":44}},"22":{"start":{"line":44,"column":22},"end":{"line":46,"column":44}},"23":{"start":{"line":48,"column":14},"end":{"line":50,"column":63}},"24":{"start":{"line":48,"column":26},"end":{"line":50,"column":63}},"25":{"start":{"line":52,"column":28},"end":{"line":56,"column":15}},"26":{"start":{"line":58,"column":14},"end":{"line":64,"column":16}},"27":{"start":{"line":59,"column":18},"end":{"line":61,"column":52}},"28":{"start":{"line":59,"column":26},"end":{"line":61,"column":52}},"29":{"start":{"line":63,"column":18},"end":{"line":63,"column":66}},"30":{"start":{"line":70,"column":0},"end":{"line":70,"column":24}}},"fnMap":{"0":{"name":"(anonymous_0)","decl":{"start":{"line":9,"column":24},"end":{"line":9,"column":25}},"loc":{"start":{"line":9,"column":40},"end":{"line":33,"column":1}},"line":9},"1":{"name":"(anonymous_1)","decl":{"start":{"line":11,"column":8},"end":{"line":11,"column":9}},"loc":{"start":{"line":11,"column":14},"end":{"line":32,"column":3}},"line":11},"2":{"name":"(anonymous_2)","decl":{"start":{"line":15,"column":39},"end":{"line":15,"column":40}},"loc":{"start":{"line":15,"column":51},"end":{"line":31,"column":7}},"line":15},"3":{"name":"(anonymous_3)","decl":{"start":{"line":26,"column":20},"end":{"line":26,"column":21}},"loc":{"start":{"line":26,"column":28},"end":{"line":28,"column":15}},"line":26},"4":{"name":"(anonymous_4)","decl":{"start":{"line":35,"column":21},"end":{"line":35,"column":22}},"loc":{"start":{"line":35,"column":37},"end":{"line":67,"column":1}},"line":35},"5":{"name":"(anonymous_5)","decl":{"start":{"line":38,"column":12},"end":{"line":38,"column":13}},"loc":{"start":{"line":38,"column":18},"end":{"line":66,"column":7}},"line":38},"6":{"name":"(anonymous_6)","decl":{"start":{"line":43,"column":48},"end":{"line":43,"column":49}},"loc":{"start":{"line":43,"column":62},"end":{"line":65,"column":11}},"line":43},"7":{"name":"(anonymous_7)","decl":{"start":{"line":58,"column":50},"end":{"line":58,"column":51}},"loc":{"start":{"line":58,"column":63},"end":{"line":64,"column":15}},"line":58}},"branchMap":{"0":{"loc":{"start":{"line":12,"column":6},"end":{"line":13,"column":46}},"type":"if","locations":[{"start":{"line":12,"column":6},"end":{"line":13,"column":46}},{"start":{},"end":{}}],"line":12},"1":{"loc":{"start":{"line":16,"column":10},"end":{"line":30,"column":11}},"type":"if","locations":[{"start":{"line":16,"column":10},"end":{"line":30,"column":11}},{"start":{"line":19,"column":14},"end":{"line":30,"column":11}}],"line":16},"2":{"loc":{"start":{"line":39,"column":10},"end":{"line":41,"column":59}},"type":"if","locations":[{"start":{"line":39,"column":10},"end":{"line":41,"column":59}},{"start":{},"end":{}}],"line":39},"3":{"loc":{"start":{"line":44,"column":14},"end":{"line":46,"column":44}},"type":"if","locations":[{"start":{"line":44,"column":14},"end":{"line":46,"column":44}},{"start":{},"end":{}}],"line":44},"4":{"loc":{"start":{"line":48,"column":14},"end":{"line":50,"column":63}},"type":"if","locations":[{"start":{"line":48,"column":14},"end":{"line":50,"column":63}},{"start":{},"end":{}}],"line":48},"5":{"loc":{"start":{"line":59,"column":18},"end":{"line":61,"column":52}},"type":"if","locations":[{"start":{"line":59,"column":18},"end":{"line":61,"column":52}},{"start":{},"end":{}}],"line":59}},"s":{"0":1,"1":1,"2":1,"3":1,"4":1,"5":1,"6":2,"7":2,"8":0,"9":2,"10":2,"11":0,"12":2,"13":2,"14":2,"15":1,"16":1,"17":1,"18":1,"19":0,"20":1,"21":1,"22":0,"23":1,"24":0,"25":1,"26":1,"27":1,"28":0,"29":1,"30":1},"f":{"0":2,"1":2,"2":2,"3":2,"4":1,"5":1,"6":1,"7":1},"b":{"0":[0,2],"1":[0,2],"2":[0,1],"3":[0,1],"4":[0,1],"5":[0,1]},"_coverageSchema":"1a1c01bbd47fc00a2c39e90264f33305004495a9","hash":"599777484107b8c7233ed05d3af3ecb6579dcc10"}
,"C:\\Users\\Sutorooberii\\Desktop\\task1-web-api-Samana19\\server\\routes\\api\\books.js": {"path":"C:\\Users\\Sutorooberii\\Desktop\\task1-web-api-Samana19\\server\\routes\\api\\books.js","statementMap":{"0":{"start":{"line":1,"column":16},"end":{"line":1,"column":34}},"1":{"start":{"line":2,"column":15},"end":{"line":2,"column":31}},"2":{"start":{"line":3,"column":13},"end":{"line":3,"column":42}},"3":{"start":{"line":5,"column":15},"end":{"line":5,"column":47}},"4":{"start":{"line":8,"column":0},"end":{"line":15,"column":3}},"5":{"start":{"line":9,"column":4},"end":{"line":14,"column":5}},"6":{"start":{"line":10,"column":22},"end":{"line":10,"column":39}},"7":{"start":{"line":11,"column":8},"end":{"line":11,"column":36}},"8":{"start":{"line":13,"column":8},"end":{"line":13,"column":55}},"9":{"start":{"line":18,"column":0},"end":{"line":34,"column":3}},"10":{"start":{"line":19,"column":17},"end":{"line":26,"column":6}},"11":{"start":{"line":28,"column":4},"end":{"line":33,"column":5}},"12":{"start":{"line":29,"column":24},"end":{"line":29,"column":41}},"13":{"start":{"line":30,"column":8},"end":{"line":30,"column":38}},"14":{"start":{"line":32,"column":8},"end":{"line":32,"column":55}},"15":{"start":{"line":37,"column":0},"end":{"line":42,"column":3}},"16":{"start":{"line":38,"column":4},"end":{"line":40,"column":61}},"17":{"start":{"line":39,"column":22},"end":{"line":39,"column":48}},"18":{"start":{"line":40,"column":22},"end":{"line":40,"column":59}},"19":{"start":{"line":45,"column":0},"end":{"line":61,"column":3}},"20":{"start":{"line":46,"column":4},"end":{"line":59,"column":61}},"21":{"start":{"line":48,"column":12},"end":{"line":48,"column":40}},"22":{"start":{"line":49,"column":12},"end":{"line":49,"column":42}},"23":{"start":{"line":50,"column":12},"end":{"line":50,"column":42}},"24":{"start":{"line":51,"column":12},"end":{"line":51,"column":52}},"25":{"start":{"line":52,"column":12},"end":{"line":52,"column":40}},"26":{"start":{"line":53,"column":12},"end":{"line":53,"column":42}},"27":{"start":{"line":55,"column":12},"end":{"line":57,"column":69}},"28":{"start":{"line":56,"column":28},"end":{"line":56,"column":65}},"29":{"start":{"line":57,"column":30},"end":{"line":57,"column":67}},"30":{"start":{"line":59,"column":22},"end":{"line":59,"column":59}},"31":{"start":{"line":65,"column":0},"end":{"line":69,"column":3}},"32":{"start":{"line":66,"column":4},"end":{"line":68,"column":61}},"33":{"start":{"line":67,"column":20},"end":{"line":67,"column":57}},"34":{"start":{"line":68,"column":22},"end":{"line":68,"column":59}},"35":{"start":{"line":94,"column":0},"end":{"line":94,"column":24}}},"fnMap":{"0":{"name":"(anonymous_0)","decl":{"start":{"line":8,"column":16},"end":{"line":8,"column":17}},"loc":{"start":{"line":8,"column":36},"end":{"line":15,"column":1}},"line":8},"1":{"name":"(anonymous_1)","decl":{"start":{"line":18,"column":17},"end":{"line":18,"column":18}},"loc":{"start":{"line":18,"column":37},"end":{"line":34,"column":1}},"line":18},"2":{"name":"(anonymous_2)","decl":{"start":{"line":37,"column":19},"end":{"line":37,"column":20}},"loc":{"start":{"line":37,"column":33},"end":{"line":42,"column":1}},"line":37},"3":{"name":"(anonymous_3)","decl":{"start":{"line":39,"column":14},"end":{"line":39,"column":15}},"loc":{"start":{"line":39,"column":22},"end":{"line":39,"column":48}},"line":39},"4":{"name":"(anonymous_4)","decl":{"start":{"line":40,"column":15},"end":{"line":40,"column":16}},"loc":{"start":{"line":40,"column":22},"end":{"line":40,"column":59}},"line":40},"5":{"name":"(anonymous_5)","decl":{"start":{"line":45,"column":21},"end":{"line":45,"column":22}},"loc":{"start":{"line":45,"column":41},"end":{"line":61,"column":1}},"line":45},"6":{"name":"(anonymous_6)","decl":{"start":{"line":47,"column":14},"end":{"line":47,"column":15}},"loc":{"start":{"line":47,"column":22},"end":{"line":58,"column":9}},"line":47},"7":{"name":"(anonymous_7)","decl":{"start":{"line":56,"column":22},"end":{"line":56,"column":23}},"loc":{"start":{"line":56,"column":28},"end":{"line":56,"column":65}},"line":56},"8":{"name":"(anonymous_8)","decl":{"start":{"line":57,"column":23},"end":{"line":57,"column":24}},"loc":{"start":{"line":57,"column":30},"end":{"line":57,"column":67}},"line":57},"9":{"name":"(anonymous_9)","decl":{"start":{"line":59,"column":15},"end":{"line":59,"column":16}},"loc":{"start":{"line":59,"column":22},"end":{"line":59,"column":59}},"line":59},"10":{"name":"(anonymous_10)","decl":{"start":{"line":65,"column":22},"end":{"line":65,"column":23}},"loc":{"start":{"line":65,"column":42},"end":{"line":69,"column":1}},"line":65},"11":{"name":"(anonymous_11)","decl":{"start":{"line":67,"column":14},"end":{"line":67,"column":15}},"loc":{"start":{"line":67,"column":20},"end":{"line":67,"column":57}},"line":67},"12":{"name":"(anonymous_12)","decl":{"start":{"line":68,"column":15},"end":{"line":68,"column":16}},"loc":{"start":{"line":68,"column":22},"end":{"line":68,"column":59}},"line":68}},"branchMap":{},"s":{"0":1,"1":1,"2":1,"3":1,"4":1,"5":0,"6":0,"7":0,"8":0,"9":1,"10":0,"11":0,"12":0,"13":0,"14":0,"15":1,"16":0,"17":0,"18":0,"19":1,"20":0,"21":0,"22":0,"23":0,"24":0,"25":0,"26":0,"27":0,"28":0,"29":0,"30":0,"31":1,"32":0,"33":0,"34":0,"35":1},"f":{"0":0,"1":0,"2":0,"3":0,"4":0,"5":0,"6":0,"7":0,"8":0,"9":0,"10":0,"11":0,"12":0},"b":{},"_coverageSchema":"1a1c01bbd47fc00a2c39e90264f33305004495a9","hash":"c48e4c715018370525dde4bdba77d6eadcba3e4b"}
,"C:\\Users\\Sutorooberii\\Desktop\\task1-web-api-Samana19\\server\\routes\\api\\review.js": {"path":"C:\\Users\\Sutorooberii\\Desktop\\task1-web-api-Samana19\\server\\routes\\api\\review.js","statementMap":{"0":{"start":{"line":1,"column":16},"end":{"line":1,"column":34}},"1":{"start":{"line":2,"column":15},"end":{"line":2,"column":31}},"2":{"start":{"line":3,"column":17},"end":{"line":3,"column":36}},"3":{"start":{"line":5,"column":15},"end":{"line":5,"column":45}},"4":{"start":{"line":7,"column":17},"end":{"line":7,"column":48}},"5":{"start":{"line":8,"column":15},"end":{"line":8,"column":47}},"6":{"start":{"line":11,"column":0},"end":{"line":26,"column":3}},"7":{"start":{"line":12,"column":2},"end":{"line":25,"column":6}},"8":{"start":{"line":14,"column":6},"end":{"line":16,"column":7}},"9":{"start":{"line":15,"column":8},"end":{"line":15,"column":67}},"10":{"start":{"line":17,"column":7},"end":{"line":24,"column":20}},"11":{"start":{"line":19,"column":10},"end":{"line":19,"column":40}},"12":{"start":{"line":22,"column":10},"end":{"line":22,"column":57}},"13":{"start":{"line":29,"column":0},"end":{"line":60,"column":3}},"14":{"start":{"line":30,"column":17},"end":{"line":30,"column":27}},"15":{"start":{"line":31,"column":19},"end":{"line":31,"column":30}},"16":{"start":{"line":32,"column":28},"end":{"line":32,"column":36}},"17":{"start":{"line":33,"column":2},"end":{"line":33,"column":47}},"18":{"start":{"line":35,"column":17},"end":{"line":40,"column":4}},"19":{"start":{"line":42,"column":2},"end":{"line":42,"column":22}},"20":{"start":{"line":44,"column":2},"end":{"line":59,"column":17}},"21":{"start":{"line":47,"column":6},"end":{"line":50,"column":9}},"22":{"start":{"line":53,"column":6},"end":{"line":53,"column":31}},"23":{"start":{"line":54,"column":6},"end":{"line":56,"column":7}},"24":{"start":{"line":55,"column":8},"end":{"line":55,"column":67}},"25":{"start":{"line":57,"column":6},"end":{"line":57,"column":40}},"26":{"start":{"line":65,"column":0},"end":{"line":80,"column":3}},"27":{"start":{"line":66,"column":21},"end":{"line":66,"column":31}},"28":{"start":{"line":67,"column":2},"end":{"line":79,"column":5}},"29":{"start":{"line":70,"column":6},"end":{"line":72,"column":7}},"30":{"start":{"line":71,"column":8},"end":{"line":71,"column":69}},"31":{"start":{"line":73,"column":6},"end":{"line":73,"column":35}},"32":{"start":{"line":77,"column":6},"end":{"line":77,"column":53}},"33":{"start":{"line":84,"column":0},"end":{"line":103,"column":3}},"34":{"start":{"line":85,"column":23},"end":{"line":85,"column":33}},"35":{"start":{"line":86,"column":30},"end":{"line":86,"column":38}},"36":{"start":{"line":88,"column":2},"end":{"line":102,"column":3}},"37":{"start":{"line":89,"column":26},"end":{"line":93,"column":5}},"38":{"start":{"line":95,"column":4},"end":{"line":97,"column":5}},"39":{"start":{"line":96,"column":6},"end":{"line":96,"column":67}},"40":{"start":{"line":99,"column":4},"end":{"line":99,"column":40}},"41":{"start":{"line":101,"column":4},"end":{"line":101,"column":16}},"42":{"start":{"line":120,"column":0},"end":{"line":142,"column":3}},"43":{"start":{"line":121,"column":29},"end":{"line":121,"column":39}},"44":{"start":{"line":123,"column":2},"end":{"line":141,"column":3}},"45":{"start":{"line":125,"column":26},"end":{"line":125,"column":66}},"46":{"start":{"line":127,"column":4},"end":{"line":129,"column":5}},"47":{"start":{"line":128,"column":6},"end":{"line":128,"column":67}},"48":{"start":{"line":132,"column":24},"end":{"line":136,"column":5}},"49":{"start":{"line":138,"column":4},"end":{"line":138,"column":69}},"50":{"start":{"line":140,"column":4},"end":{"line":140,"column":16}},"51":{"start":{"line":145,"column":0},"end":{"line":145,"column":24}}},"fnMap":{"0":{"name":"(anonymous_0)","decl":{"start":{"line":11,"column":21},"end":{"line":11,"column":22}},"loc":{"start":{"line":11,"column":46},"end":{"line":26,"column":1}},"line":11},"1":{"name":"(anonymous_1)","decl":{"start":{"line":13,"column":10},"end":{"line":13,"column":11}},"loc":{"start":{"line":13,"column":19},"end":{"line":25,"column":5}},"line":13},"2":{"name":"(anonymous_2)","decl":{"start":{"line":18,"column":13},"end":{"line":18,"column":14}},"loc":{"start":{"line":18,"column":24},"end":{"line":20,"column":8}},"line":18},"3":{"name":"(anonymous_3)","decl":{"start":{"line":21,"column":14},"end":{"line":21,"column":15}},"loc":{"start":{"line":21,"column":21},"end":{"line":23,"column":8}},"line":21},"4":{"name":"(anonymous_4)","decl":{"start":{"line":29,"column":28},"end":{"line":29,"column":29}},"loc":{"start":{"line":29,"column":53},"end":{"line":60,"column":1}},"line":29},"5":{"name":"(anonymous_5)","decl":{"start":{"line":46,"column":10},"end":{"line":46,"column":11}},"loc":{"start":{"line":46,"column":27},"end":{"line":51,"column":5}},"line":46},"6":{"name":"(anonymous_6)","decl":{"start":{"line":52,"column":10},"end":{"line":52,"column":11}},"loc":{"start":{"line":52,"column":27},"end":{"line":58,"column":5}},"line":52},"7":{"name":"(anonymous_7)","decl":{"start":{"line":65,"column":31},"end":{"line":65,"column":32}},"loc":{"start":{"line":65,"column":51},"end":{"line":80,"column":1}},"line":65},"8":{"name":"(anonymous_8)","decl":{"start":{"line":69,"column":10},"end":{"line":69,"column":11}},"loc":{"start":{"line":69,"column":20},"end":{"line":74,"column":5}},"line":69},"9":{"name":"(anonymous_9)","decl":{"start":{"line":76,"column":11},"end":{"line":76,"column":12}},"loc":{"start":{"line":76,"column":18},"end":{"line":78,"column":5}},"line":76},"10":{"name":"(anonymous_10)","decl":{"start":{"line":84,"column":39},"end":{"line":84,"column":40}},"loc":{"start":{"line":84,"column":65},"end":{"line":103,"column":1}},"line":84},"11":{"name":"(anonymous_11)","decl":{"start":{"line":120,"column":40},"end":{"line":120,"column":41}},"loc":{"start":{"line":120,"column":66},"end":{"line":142,"column":1}},"line":120}},"branchMap":{"0":{"loc":{"start":{"line":14,"column":6},"end":{"line":16,"column":7}},"type":"if","locations":[{"start":{"line":14,"column":6},"end":{"line":16,"column":7}},{"start":{},"end":{}}],"line":14},"1":{"loc":{"start":{"line":54,"column":6},"end":{"line":56,"column":7}},"type":"if","locations":[{"start":{"line":54,"column":6},"end":{"line":56,"column":7}},{"start":{},"end":{}}],"line":54},"2":{"loc":{"start":{"line":70,"column":6},"end":{"line":72,"column":7}},"type":"if","locations":[{"start":{"line":70,"column":6},"end":{"line":72,"column":7}},{"start":{},"end":{}}],"line":70},"3":{"loc":{"start":{"line":95,"column":4},"end":{"line":97,"column":5}},"type":"if","locations":[{"start":{"line":95,"column":4},"end":{"line":97,"column":5}},{"start":{},"end":{}}],"line":95},"4":{"loc":{"start":{"line":127,"column":4},"end":{"line":129,"column":5}},"type":"if","locations":[{"start":{"line":127,"column":4},"end":{"line":129,"column":5}},{"start":{},"end":{}}],"line":127}},"s":{"0":1,"1":1,"2":1,"3":1,"4":1,"5":1,"6":1,"7":0,"8":0,"9":0,"10":0,"11":0,"12":0,"13":1,"14":0,"15":0,"16":0,"17":0,"18":0,"19":0,"20":0,"21":0,"22":0,"23":0,"24":0,"25":0,"26":1,"27":0,"28":0,"29":0,"30":0,"31":0,"32":0,"33":1,"34":0,"35":0,"36":0,"37":0,"38":0,"39":0,"40":0,"41":0,"42":1,"43":0,"44":0,"45":0,"46":0,"47":0,"48":0,"49":0,"50":0,"51":1},"f":{"0":0,"1":0,"2":0,"3":0,"4":0,"5":0,"6":0,"7":0,"8":0,"9":0,"10":0,"11":0},"b":{"0":[0,0],"1":[0,0],"2":[0,0],"3":[0,0],"4":[0,0]},"_coverageSchema":"1a1c01bbd47fc00a2c39e90264f33305004495a9","hash":"affca05ffa87f7027ef56bece7134db63615512e"}
,"C:\\Users\\Sutorooberii\\Desktop\\task1-web-api-Samana19\\server\\routes\\api\\users.js": {"path":"C:\\Users\\Sutorooberii\\Desktop\\task1-web-api-Samana19\\server\\routes\\api\\users.js","statementMap":{"0":{"start":{"line":1,"column":16},"end":{"line":1,"column":34}},"1":{"start":{"line":2,"column":15},"end":{"line":2,"column":31}},"2":{"start":{"line":3,"column":0},"end":{"line":3,"column":27}},"3":{"start":{"line":4,"column":17},"end":{"line":4,"column":49}},"4":{"start":{"line":6,"column":13},"end":{"line":6,"column":41}},"5":{"start":{"line":9,"column":0},"end":{"line":18,"column":3}},"6":{"start":{"line":10,"column":2},"end":{"line":17,"column":3}},"7":{"start":{"line":11,"column":18},"end":{"line":11,"column":35}},"8":{"start":{"line":12,"column":4},"end":{"line":12,"column":32}},"9":{"start":{"line":13,"column":4},"end":{"line":13,"column":26}},"10":{"start":{"line":15,"column":4},"end":{"line":15,"column":31}},"11":{"start":{"line":16,"column":4},"end":{"line":16,"column":41}},"12":{"start":{"line":48,"column":0},"end":{"line":66,"column":3}},"13":{"start":{"line":49,"column":2},"end":{"line":65,"column":3}},"14":{"start":{"line":50,"column":19},"end":{"line":50,"column":29}},"15":{"start":{"line":52,"column":4},"end":{"line":54,"column":5}},"16":{"start":{"line":53,"column":6},"end":{"line":53,"column":61}},"17":{"start":{"line":56,"column":15},"end":{"line":56,"column":38}},"18":{"start":{"line":57,"column":4},"end":{"line":59,"column":5}},"19":{"start":{"line":58,"column":6},"end":{"line":58,"column":63}},"20":{"start":{"line":61,"column":4},"end":{"line":61,"column":31}},"21":{"start":{"line":63,"column":4},"end":{"line":63,"column":31}},"22":{"start":{"line":64,"column":4},"end":{"line":64,"column":41}},"23":{"start":{"line":69,"column":0},"end":{"line":96,"column":3}},"24":{"start":{"line":70,"column":2},"end":{"line":95,"column":3}},"25":{"start":{"line":71,"column":19},"end":{"line":71,"column":29}},"26":{"start":{"line":72,"column":36},"end":{"line":72,"column":44}},"27":{"start":{"line":74,"column":15},"end":{"line":78,"column":5}},"28":{"start":{"line":80,"column":4},"end":{"line":82,"column":5}},"29":{"start":{"line":81,"column":6},"end":{"line":81,"column":63}},"30":{"start":{"line":85,"column":4},"end":{"line":87,"column":5}},"31":{"start":{"line":86,"column":6},"end":{"line":86,"column":61}},"32":{"start":{"line":89,"column":4},"end":{"line":89,"column":22}},"33":{"start":{"line":91,"column":4},"end":{"line":91,"column":31}},"34":{"start":{"line":93,"column":4},"end":{"line":93,"column":31}},"35":{"start":{"line":94,"column":4},"end":{"line":94,"column":41}},"36":{"start":{"line":99,"column":0},"end":{"line":131,"column":3}},"37":{"start":{"line":100,"column":17},"end":{"line":100,"column":27}},"38":{"start":{"line":101,"column":34},"end":{"line":101,"column":42}},"39":{"start":{"line":103,"column":2},"end":{"line":130,"column":3}},"40":{"start":{"line":105,"column":17},"end":{"line":105,"column":40}},"41":{"start":{"line":106,"column":4},"end":{"line":108,"column":5}},"42":{"start":{"line":107,"column":6},"end":{"line":107,"column":63}},"43":{"start":{"line":111,"column":4},"end":{"line":113,"column":5}},"44":{"start":{"line":112,"column":6},"end":{"line":112,"column":61}},"45":{"start":{"line":116,"column":4},"end":{"line":118,"column":5}},"46":{"start":{"line":117,"column":6},"end":{"line":117,"column":23}},"47":{"start":{"line":119,"column":4},"end":{"line":121,"column":5}},"48":{"start":{"line":120,"column":6},"end":{"line":120,"column":25}},"49":{"start":{"line":122,"column":4},"end":{"line":124,"column":5}},"50":{"start":{"line":123,"column":6},"end":{"line":123,"column":27}},"51":{"start":{"line":126,"column":24},"end":{"line":126,"column":41}},"52":{"start":{"line":127,"column":4},"end":{"line":127,"column":38}},"53":{"start":{"line":129,"column":4},"end":{"line":129,"column":14}},"54":{"start":{"line":183,"column":0},"end":{"line":183,"column":24}}},"fnMap":{"0":{"name":"(anonymous_0)","decl":{"start":{"line":9,"column":19},"end":{"line":9,"column":20}},"loc":{"start":{"line":9,"column":39},"end":{"line":18,"column":1}},"line":9},"1":{"name":"(anonymous_1)","decl":{"start":{"line":48,"column":25},"end":{"line":48,"column":26}},"loc":{"start":{"line":48,"column":45},"end":{"line":66,"column":1}},"line":48},"2":{"name":"(anonymous_2)","decl":{"start":{"line":69,"column":27},"end":{"line":69,"column":28}},"loc":{"start":{"line":69,"column":47},"end":{"line":96,"column":1}},"line":69},"3":{"name":"(anonymous_3)","decl":{"start":{"line":99,"column":27},"end":{"line":99,"column":28}},"loc":{"start":{"line":99,"column":52},"end":{"line":131,"column":1}},"line":99}},"branchMap":{"0":{"loc":{"start":{"line":52,"column":4},"end":{"line":54,"column":5}},"type":"if","locations":[{"start":{"line":52,"column":4},"end":{"line":54,"column":5}},{"start":{},"end":{}}],"line":52},"1":{"loc":{"start":{"line":57,"column":4},"end":{"line":59,"column":5}},"type":"if","locations":[{"start":{"line":57,"column":4},"end":{"line":59,"column":5}},{"start":{},"end":{}}],"line":57},"2":{"loc":{"start":{"line":80,"column":4},"end":{"line":82,"column":5}},"type":"if","locations":[{"start":{"line":80,"column":4},"end":{"line":82,"column":5}},{"start":{},"end":{}}],"line":80},"3":{"loc":{"start":{"line":85,"column":4},"end":{"line":87,"column":5}},"type":"if","locations":[{"start":{"line":85,"column":4},"end":{"line":87,"column":5}},{"start":{},"end":{}}],"line":85},"4":{"loc":{"start":{"line":106,"column":4},"end":{"line":108,"column":5}},"type":"if","locations":[{"start":{"line":106,"column":4},"end":{"line":108,"column":5}},{"start":{},"end":{}}],"line":106},"5":{"loc":{"start":{"line":111,"column":4},"end":{"line":113,"column":5}},"type":"if","locations":[{"start":{"line":111,"column":4},"end":{"line":113,"column":5}},{"start":{},"end":{}}],"line":111},"6":{"loc":{"start":{"line":116,"column":4},"end":{"line":118,"column":5}},"type":"if","locations":[{"start":{"line":116,"column":4},"end":{"line":118,"column":5}},{"start":{},"end":{}}],"line":116},"7":{"loc":{"start":{"line":119,"column":4},"end":{"line":121,"column":5}},"type":"if","locations":[{"start":{"line":119,"column":4},"end":{"line":121,"column":5}},{"start":{},"end":{}}],"line":119},"8":{"loc":{"start":{"line":122,"column":4},"end":{"line":124,"column":5}},"type":"if","locations":[{"start":{"line":122,"column":4},"end":{"line":124,"column":5}},{"start":{},"end":{}}],"line":122}},"s":{"0":1,"1":1,"2":1,"3":1,"4":1,"5":1,"6":2,"7":2,"8":1,"9":1,"10":1,"11":1,"12":1,"13":2,"14":2,"15":2,"16":0,"17":2,"18":1,"19":0,"20":1,"21":1,"22":1,"23":1,"24":2,"25":2,"26":2,"27":2,"28":1,"29":0,"30":1,"31":0,"32":1,"33":1,"34":0,"35":0,"36":1,"37":0,"38":0,"39":0,"40":0,"41":0,"42":0,"43":0,"44":0,"45":0,"46":0,"47":0,"48":0,"49":0,"50":0,"51":0,"52":0,"53":0,"54":1},"f":{"0":2,"1":2,"2":2,"3":0},"b":{"0":[0,2],"1":[0,1],"2":[0,1],"3":[0,1],"4":[0,0],"5":[0,0],"6":[0,0],"7":[0,0],"8":[0,0]},"_coverageSchema":"1a1c01bbd47fc00a2c39e90264f33305004495a9","hash":"a5b2f6e34286a09e60561fdcf0a46c12f4f82b4d"}
}
