TN:
SF:app.js
FN:19,(anonymous_0)
FN:20,(anonymous_1)
FN:26,(anonymous_2)
FN:59,(anonymous_3)
FN:70,(anonymous_4)
FNF:5
FNH:1
FNDA:1,(anonymous_0)
FNDA:0,(anonymous_1)
FNDA:0,(anonymous_2)
FNDA:0,(anonymous_3)
FNDA:0,(anonymous_4)
DA:1,1
DA:2,1
DA:3,1
DA:4,1
DA:5,1
DA:6,1
DA:7,1
DA:8,1
DA:9,1
DA:11,1
DA:13,1
DA:17,1
DA:19,1
DA:20,0
DA:22,1
DA:25,1
DA:26,1
DA:27,0
DA:28,0
DA:29,0
DA:31,0
DA:37,0
DA:48,1
DA:49,1
DA:50,1
DA:51,1
DA:53,1
DA:54,1
DA:59,1
DA:60,0
DA:61,0
DA:62,0
DA:63,0
DA:64,0
DA:66,0
DA:70,1
DA:71,0
DA:75,1
LF:38
LH:25
BRDA:13,0,0,1
BRDA:13,0,1,0
BRDA:28,1,0,0
BRDA:28,1,1,0
BRDA:61,2,0,0
BRDA:61,2,1,0
BRDA:63,3,0,0
BRDA:63,3,1,0
BRF:8
BRH:1
end_of_record
TN:
SF:config\db.js
FN:2,(anonymous_0)
FN:4,(anonymous_1)
FN:5,(anonymous_2)
FNF:3
FNH:0
FNDA:0,(anonymous_0)
FNDA:0,(anonymous_1)
FNDA:0,(anonymous_2)
DA:1,1
DA:2,1
DA:3,0
DA:4,0
DA:5,0
DA:7,1
LF:6
LH:3
BRF:0
BRH:0
end_of_record
TN:
SF:middleware\auth.js
FN:5,(anonymous_0)
FN:12,(anonymous_1)
FNF:2
FNH:2
FNDA:5,(anonymous_0)
FNDA:4,(anonymous_1)
DA:3,1
DA:5,1
DA:6,5
DA:8,5
DA:9,1
DA:11,4
DA:12,4
DA:13,4
DA:15,3
DA:16,3
DA:18,4
DA:21,1
LF:12
LH:12
BRDA:8,0,0,1
BRDA:8,0,1,4
BRDA:13,1,0,1
BRDA:13,1,1,3
BRF:4
BRH:4
end_of_record
TN:
SF:middleware\upload.js
FN:6,(anonymous_0)
FN:9,(anonymous_1)
FN:15,(anonymous_2)
FNF:3
FNH:0
FNDA:0,(anonymous_0)
FNDA:0,(anonymous_1)
FNDA:0,(anonymous_2)
DA:1,1
DA:2,1
DA:3,1
DA:5,1
DA:7,0
DA:10,0
DA:11,0
DA:15,1
DA:16,0
DA:17,0
DA:19,0
DA:22,1
DA:28,1
LF:13
LH:7
BRDA:16,0,0,0
BRDA:16,0,1,0
BRF:2
BRH:0
end_of_record
TN:
SF:models\AddBook.js
FNF:0
FNH:0
DA:1,1
DA:3,1
DA:44,1
LF:3
LH:3
BRF:0
BRH:0
end_of_record
TN:
SF:models\Books.js
FNF:0
FNH:0
DA:1,1
DA:3,1
DA:37,1
LF:3
LH:3
BRF:0
BRH:0
end_of_record
TN:
SF:models\Review.js
FNF:0
FNH:0
DA:1,1
DA:3,1
DA:33,1
LF:3
LH:3
BRF:0
BRH:0
end_of_record
TN:
SF:models\User.js
FNF:0
FNH:0
DA:1,1
DA:3,1
DA:27,1
LF:3
LH:3
BRF:0
BRH:0
end_of_record
TN:
SF:routes\api\addbook.js
FN:10,(anonymous_0)
FN:22,(anonymous_1)
FN:38,(anonymous_2)
FN:58,(anonymous_3)
FN:60,(anonymous_4)
FN:61,(anonymous_5)
FN:66,(anonymous_6)
FN:68,(anonymous_7)
FN:78,(anonymous_8)
FN:79,(anonymous_9)
FN:81,(anonymous_10)
FN:86,(anonymous_11)
FN:88,(anonymous_12)
FN:89,(anonymous_13)
FNF:14
FNH:0
FNDA:0,(anonymous_0)
FNDA:0,(anonymous_1)
FNDA:0,(anonymous_2)
FNDA:0,(anonymous_3)
FNDA:0,(anonymous_4)
FNDA:0,(anonymous_5)
FNDA:0,(anonymous_6)
FNDA:0,(anonymous_7)
FNDA:0,(anonymous_8)
FNDA:0,(anonymous_9)
FNDA:0,(anonymous_10)
FNDA:0,(anonymous_11)
FNDA:0,(anonymous_12)
FNDA:0,(anonymous_13)
DA:1,1
DA:2,1
DA:3,1
DA:4,1
DA:6,1
DA:7,1
DA:10,1
DA:11,0
DA:12,0
DA:13,0
DA:15,0
DA:22,1
DA:23,0
DA:24,0
DA:25,0
DA:27,0
DA:28,0
DA:31,0
DA:33,0
DA:38,1
DA:39,0
DA:49,0
DA:50,0
DA:51,0
DA:53,0
DA:58,1
DA:59,0
DA:60,0
DA:61,0
DA:66,1
DA:67,0
DA:69,0
DA:70,0
DA:71,0
DA:72,0
DA:73,0
DA:74,0
DA:75,0
DA:77,0
DA:78,0
DA:79,0
DA:81,0
DA:86,1
DA:87,0
DA:88,0
DA:89,0
DA:92,1
LF:47
LH:13
BRDA:27,0,0,0
BRDA:27,0,1,0
BRF:2
BRH:0
end_of_record
TN:
SF:routes\api\auth.js
FN:9,(anonymous_0)
FN:11,(anonymous_1)
FN:15,(anonymous_2)
FN:26,(anonymous_3)
FN:35,(anonymous_4)
FN:38,(anonymous_5)
FN:43,(anonymous_6)
FN:58,(anonymous_7)
FNF:8
FNH:8
FNDA:2,(anonymous_0)
FNDA:2,(anonymous_1)
FNDA:2,(anonymous_2)
FNDA:2,(anonymous_3)
FNDA:1,(anonymous_4)
FNDA:1,(anonymous_5)
FNDA:1,(anonymous_6)
FNDA:1,(anonymous_7)
DA:1,1
DA:2,1
DA:3,1
DA:4,1
DA:5,1
DA:9,1
DA:10,2
DA:12,2
DA:15,2
DA:16,2
DA:17,0
DA:20,2
DA:25,2
DA:27,2
DA:35,1
DA:36,1
DA:37,1
DA:39,1
DA:43,1
DA:44,1
DA:48,1
DA:52,1
DA:58,1
DA:59,1
DA:63,1
DA:70,1
LF:26
LH:25
BRDA:12,0,0,0
BRDA:12,0,1,2
BRDA:16,1,0,0
BRDA:16,1,1,2
BRDA:39,2,0,0
BRDA:39,2,1,1
BRDA:44,3,0,0
BRDA:44,3,1,1
BRDA:48,4,0,0
BRDA:48,4,1,1
BRDA:59,5,0,0
BRDA:59,5,1,1
BRF:12
BRH:6
end_of_record
TN:
SF:routes\api\books.js
FN:8,(anonymous_0)
FN:18,(anonymous_1)
FN:37,(anonymous_2)
FN:39,(anonymous_3)
FN:40,(anonymous_4)
FN:45,(anonymous_5)
FN:47,(anonymous_6)
FN:56,(anonymous_7)
FN:57,(anonymous_8)
FN:59,(anonymous_9)
FN:65,(anonymous_10)
FN:67,(anonymous_11)
FN:68,(anonymous_12)
FNF:13
FNH:0
FNDA:0,(anonymous_0)
FNDA:0,(anonymous_1)
FNDA:0,(anonymous_2)
FNDA:0,(anonymous_3)
FNDA:0,(anonymous_4)
FNDA:0,(anonymous_5)
FNDA:0,(anonymous_6)
FNDA:0,(anonymous_7)
FNDA:0,(anonymous_8)
FNDA:0,(anonymous_9)
FNDA:0,(anonymous_10)
FNDA:0,(anonymous_11)
FNDA:0,(anonymous_12)
DA:1,1
DA:2,1
DA:3,1
DA:5,1
DA:8,1
DA:9,0
DA:10,0
DA:11,0
DA:13,0
DA:18,1
DA:19,0
DA:28,0
DA:29,0
DA:30,0
DA:32,0
DA:37,1
DA:38,0
DA:39,0
DA:40,0
DA:45,1
DA:46,0
DA:48,0
DA:49,0
DA:50,0
DA:51,0
DA:52,0
DA:53,0
DA:55,0
DA:56,0
DA:57,0
DA:59,0
DA:65,1
DA:66,0
DA:67,0
DA:68,0
DA:94,1
LF:36
LH:10
BRF:0
BRH:0
end_of_record
TN:
SF:routes\api\review.js
FN:11,(anonymous_0)
FN:13,(anonymous_1)
FN:18,(anonymous_2)
FN:21,(anonymous_3)
FN:29,(anonymous_4)
FN:46,(anonymous_5)
FN:52,(anonymous_6)
FN:65,(anonymous_7)
FN:69,(anonymous_8)
FN:76,(anonymous_9)
FN:84,(anonymous_10)
FN:120,(anonymous_11)
FNF:12
FNH:0
FNDA:0,(anonymous_0)
FNDA:0,(anonymous_1)
FNDA:0,(anonymous_2)
FNDA:0,(anonymous_3)
FNDA:0,(anonymous_4)
FNDA:0,(anonymous_5)
FNDA:0,(anonymous_6)
FNDA:0,(anonymous_7)
FNDA:0,(anonymous_8)
FNDA:0,(anonymous_9)
FNDA:0,(anonymous_10)
FNDA:0,(anonymous_11)
DA:1,1
DA:2,1
DA:3,1
DA:5,1
DA:7,1
DA:8,1
DA:11,1
DA:12,0
DA:14,0
DA:15,0
DA:17,0
DA:19,0
DA:22,0
DA:29,1
DA:30,0
DA:31,0
DA:32,0
DA:33,0
DA:35,0
DA:42,0
DA:44,0
DA:47,0
DA:53,0
DA:54,0
DA:55,0
DA:57,0
DA:65,1
DA:66,0
DA:67,0
DA:70,0
DA:71,0
DA:73,0
DA:77,0
DA:84,1
DA:85,0
DA:86,0
DA:88,0
DA:89,0
DA:95,0
DA:96,0
DA:99,0
DA:101,0
DA:120,1
DA:121,0
DA:123,0
DA:125,0
DA:127,0
DA:128,0
DA:132,0
DA:138,0
DA:140,0
DA:145,1
LF:52
LH:12
BRDA:14,0,0,0
BRDA:14,0,1,0
BRDA:54,1,0,0
BRDA:54,1,1,0
BRDA:70,2,0,0
BRDA:70,2,1,0
BRDA:95,3,0,0
BRDA:95,3,1,0
BRDA:127,4,0,0
BRDA:127,4,1,0
BRF:10
BRH:0
end_of_record
TN:
SF:routes\api\users.js
FN:9,(anonymous_0)
FN:48,(anonymous_1)
FN:69,(anonymous_2)
FN:99,(anonymous_3)
FNF:4
FNH:3
FNDA:2,(anonymous_0)
FNDA:2,(anonymous_1)
FNDA:2,(anonymous_2)
FNDA:0,(anonymous_3)
DA:1,1
DA:2,1
DA:3,1
DA:4,1
DA:6,1
DA:9,1
DA:10,2
DA:11,2
DA:12,1
DA:13,1
DA:15,1
DA:16,1
DA:48,1
DA:49,2
DA:50,2
DA:52,2
DA:53,0
DA:56,2
DA:57,1
DA:58,0
DA:61,1
DA:63,1
DA:64,1
DA:69,1
DA:70,2
DA:71,2
DA:72,2
DA:74,2
DA:80,1
DA:81,0
DA:85,1
DA:86,0
DA:89,1
DA:91,1
DA:93,0
DA:94,0
DA:99,1
DA:100,0
DA:101,0
DA:103,0
DA:105,0
DA:106,0
DA:107,0
DA:111,0
DA:112,0
DA:116,0
DA:117,0
DA:119,0
DA:120,0
DA:122,0
DA:123,0
DA:126,0
DA:127,0
DA:129,0
DA:183,1
LF:55
LH:32
BRDA:52,0,0,0
BRDA:52,0,1,2
BRDA:57,1,0,0
BRDA:57,1,1,1
BRDA:80,2,0,0
BRDA:80,2,1,1
BRDA:85,3,0,0
BRDA:85,3,1,1
BRDA:106,4,0,0
BRDA:106,4,1,0
BRDA:111,5,0,0
BRDA:111,5,1,0
BRDA:116,6,0,0
BRDA:116,6,1,0
BRDA:119,7,0,0
BRDA:119,7,1,0
BRDA:122,8,0,0
BRDA:122,8,1,0
BRF:18
BRH:4
end_of_record
